
> taskbox@0.2.0 build-storybook
> ng run taskbox:build-storybook --output-dir /var/folders/bc/gy649sk16978mh1k_3npkvs00000gp/T/chromatic--73569-qjDuoKSG46dg

[0m
[0m [0m [0m [0m [0m [0m [0m [0m [0m [0m [0m [0m [0m [0m [0m [0m [0m [0m [0m [0m [0m [0m [0m [0m [0m [0m [0m [0m [0m [0m [0m [0m [0m [0m [0m [0m [0m [0m [0m [0m [0m [0m [0m [0m [0m [0m [0m [0m [0m [0m [0m [0m [0m [0m [0m [0m [0m [0m [0m [48;5;255m [48;5;255m [0m [0m [0m [0m [0m [0m [0m [0m [0m [0m [0m [0m
[0m [0m [0m [0m [0m [0m [0m [0m [0m [0m [0m [0m [0m [0m [0m [0m [0m [0m [0m [0m [0m [0m [0m [0m [0m [0m [0m [0m [0m [0m [0m [0m [0m [0m [0m [0m [0m [0m [0m [0m [0m [0m [0m [0m [0m [0m [0m [0m [0m [0m [0m [0m [0m [0m [0m [0m [0m [0m [0m [48;5;255m [48;5;255m [0m [0m [0m [0m [0m [0m [0m [0m [0m [0m [0m [0m
[0m [0m [0m [0m [0m [0m [0m [0m [0m [0m [0m [0m [0m [0m [0m [0m [0m [0m [0m [0m [0m [0m [0m [0m [0m [0m [0m [0m [0m [0m [0m [0m [0m [0m [0m [0m [0m [0m [0m [0m [0m [0m [0m [0m [0m [0m [0m [0m [0m [0m [0m [0m [0m [0m [0m [0m [0m [0m [0m [48;5;255m [48;5;255m [0m [0m [0m [0m [0m [0m [0m [0m [0m [0m [0m [0m
[48;5;255m [48;5;255m [48;5;255m [48;5;255m [48;5;255m [48;5;255m [48;5;255m [0m [0m [48;5;255m [48;5;255m [48;5;255m [48;5;255m [48;5;255m [48;5;255m [48;5;255m [48;5;255m [0m [0m [48;5;255m [48;5;255m [48;5;255m [48;5;255m [48;5;255m [48;5;255m [48;5;255m [48;5;255m [48;5;255m [48;5;255m [48;5;255m [48;5;255m [0m [0m [48;5;255m [48;5;255m [48;5;255m [48;5;255m [48;5;255m [48;5;255m [48;5;255m [48;5;255m [0m [0m [48;5;255m [48;5;255m [48;5;255m [48;5;255m [48;5;255m [48;5;255m [48;5;255m [48;5;255m [0m [0m [48;5;255m [48;5;255m [48;5;255m [48;5;255m [48;5;255m [48;5;255m [48;5;255m [48;5;255m [0m [0m [48;5;255m [48;5;255m [48;5;255m [48;5;255m [48;5;255m [48;5;255m [48;5;255m [48;5;255m [0m [0m [48;5;255m [48;5;255m [48;5;255m [48;5;255m [48;5;255m [48;5;255m [48;5;255m [48;5;255m [0m
[48;5;255m [48;5;255m [0m [0m [0m [0m [0m [0m [0m [48;5;255m [48;5;255m [0m [0m [0m [0m [48;5;255m [48;5;255m [0m [0m [48;5;255m [48;5;255m [0m [0m [0m [48;5;255m [48;5;255m [0m [0m [0m [48;5;255m [48;5;255m [0m [0m [48;5;255m [48;5;255m [0m [0m [0m [0m [48;5;255m [48;5;255m [0m [0m [48;5;255m [48;5;255m [0m [0m [0m [0m [48;5;255m [48;5;255m [0m [0m [48;5;255m [48;5;255m [0m [0m [0m [0m [48;5;255m [48;5;255m [0m [0m [48;5;255m [48;5;255m [0m [0m [0m [0m [48;5;255m [48;5;255m [0m [0m [48;5;255m [48;5;255m [0m
[48;5;255m [48;5;255m [0m [0m [0m [0m [0m [0m [0m [48;5;255m [48;5;255m [0m [0m [0m [0m [48;5;255m [48;5;255m [0m [0m [48;5;255m [48;5;255m [0m [0m [0m [48;5;255m [48;5;255m [0m [0m [0m [48;5;255m [48;5;255m [0m [0m [48;5;255m [48;5;255m [0m [0m [0m [0m [48;5;255m [48;5;255m [0m [0m [48;5;255m [48;5;255m [0m [0m [0m [0m [48;5;255m [48;5;255m [0m [0m [48;5;255m [48;5;255m [0m [0m [0m [0m [48;5;255m [48;5;255m [0m [0m [48;5;255m [48;5;255m [0m [0m [0m [0m [48;5;255m [48;5;255m [0m [0m [48;5;255m [48;5;255m [0m
[48;5;255m [48;5;255m [0m [0m [0m [0m [0m [0m [0m [48;5;255m [48;5;255m [0m [0m [0m [0m [48;5;255m [48;5;255m [0m [0m [48;5;255m [48;5;255m [0m [0m [0m [48;5;255m [48;5;255m [0m [0m [0m [48;5;255m [48;5;255m [0m [0m [48;5;255m [48;5;255m [0m [0m [0m [0m [48;5;255m [48;5;255m [0m [0m [48;5;255m [48;5;255m [0m [0m [0m [0m [48;5;255m [48;5;255m [0m [0m [48;5;255m [48;5;255m [0m [0m [0m [0m [48;5;255m [48;5;255m [0m [0m [48;5;255m [48;5;255m [0m [0m [0m [0m [48;5;255m [48;5;255m [0m [0m [48;5;255m [48;5;255m [0m
[48;5;255m [48;5;255m [48;5;255m [48;5;255m [48;5;255m [48;5;255m [48;5;255m [0m [0m [48;5;255m [48;5;255m [48;5;255m [48;5;255m [48;5;255m [48;5;255m [48;5;255m [48;5;255m [0m [0m [48;5;255m [48;5;255m [0m [0m [0m [48;5;255m [48;5;255m [0m [0m [0m [48;5;255m [48;5;255m [0m [0m [48;5;255m [48;5;255m [48;5;255m [48;5;255m [48;5;255m [48;5;255m [48;5;255m [48;5;255m [0m [0m [48;5;255m [48;5;255m [48;5;255m [48;5;255m [48;5;255m [48;5;255m [48;5;255m [48;5;255m [0m [0m [48;5;255m [48;5;255m [48;5;255m [48;5;255m [48;5;255m [48;5;255m [48;5;255m [48;5;255m [0m [0m [48;5;255m [48;5;255m [48;5;255m [48;5;255m [48;5;255m [48;5;255m [48;5;255m [48;5;255m [0m [0m [48;5;255m [48;5;255m [48;5;255m [48;5;255m [48;5;255m [48;5;255m [48;5;255m [48;5;255m [0m
[0m [0m [0m [0m [0m [0m [0m [0m [0m [0m [0m [0m [0m [0m [0m [0m [0m [0m [0m [0m [0m [0m [0m [0m [0m [0m [0m [0m [0m [0m [0m [0m [0m [48;5;255m [48;5;255m [0m [0m [0m [0m [0m [0m [0m [0m [0m [0m [0m [0m
[0m [0m [0m [0m [0m [0m [0m [0m [0m [0m [0m [0m [0m [0m [0m [0m [0m [0m [0m [0m [0m [0m [0m [0m [0m [0m [0m [0m [0m [0m [0m [0m [0m [48;5;255m [48;5;255m [0m [0m [0m [0m [0m [0m [0m [0m [0m [0m [0m [0m
[0m [0m [0m [0m [0m [0m [0m [0m [0m [0m [0m [0m [0m [0m [0m [0m [0m [0m [0m [0m [0m [0m [0m [0m [0m [0m [0m [0m [0m [0m [0m [0m [0m [48;5;255m [48;5;255m [0m [0m [0m [0m [0m [0m [0m [0m [0m [0m [0m [0m

1.1.19

TypeScript version used by Compodoc : 4.5.5

TypeScript version of current project : 4.9.4

Node.js version : v18.10.0

Operating system : macOS Unknown

[16:59:55] No configuration file found, switching to CLI flags.
[16:59:55] Using tsconfig file : /Users/smalone1/Documents/00_projects/Bench/react-to-this-story/react-to-this-story/components/taskbox/.storybook/tsconfig.json
[16:59:55] Excluding      : /Users/smalone1/Documents/00_projects/Bench/react-to-this-story/react-to-this-story/components/taskbox/jest-global-mocks.ts
[16:59:55] Excluding      : /Users/smalone1/Documents/00_projects/Bench/react-to-this-story/react-to-this-story/components/taskbox/setup-jest.ts
[16:59:55] Excluding      : /Users/smalone1/Documents/00_projects/Bench/react-to-this-story/react-to-this-story/components/taskbox/.storybook/main.ts
[16:59:55] Including      : /Users/smalone1/Documents/00_projects/Bench/react-to-this-story/react-to-this-story/components/taskbox/.storybook/preview.ts
[16:59:55] Ignoring       : /Users/smalone1/Documents/00_projects/Bench/react-to-this-story/react-to-this-story/components/taskbox/.storybook/typings.d.ts
[16:59:55] Including      : /Users/smalone1/Documents/00_projects/Bench/react-to-this-story/react-to-this-story/components/taskbox/src/main.ts
[16:59:55] Including      : /Users/smalone1/Documents/00_projects/Bench/react-to-this-story/react-to-this-story/components/taskbox/src/polyfills.ts
[16:59:55] Ignoring       : /Users/smalone1/Documents/00_projects/Bench/react-to-this-story/react-to-this-story/components/taskbox/src/app/app.component.spec.ts
[16:59:55] Including      : /Users/smalone1/Documents/00_projects/Bench/react-to-this-story/react-to-this-story/components/taskbox/src/app/app.component.ts
[16:59:55] Including      : /Users/smalone1/Documents/00_projects/Bench/react-to-this-story/react-to-this-story/components/taskbox/src/app/app.module.ts
[16:59:55] Including      : /Users/smalone1/Documents/00_projects/Bench/react-to-this-story/react-to-this-story/components/taskbox/src/environments/environment.prod.ts
[16:59:55] Including      : /Users/smalone1/Documents/00_projects/Bench/react-to-this-story/react-to-this-story/components/taskbox/src/environments/environment.ts
[16:59:55] Including      : /Users/smalone1/Documents/00_projects/Bench/react-to-this-story/react-to-this-story/components/taskbox/src/stories/Header.stories.ts
[16:59:55] Including      : /Users/smalone1/Documents/00_projects/Bench/react-to-this-story/react-to-this-story/components/taskbox/src/stories/Page.stories.ts
[16:59:55] Including      : /Users/smalone1/Documents/00_projects/Bench/react-to-this-story/react-to-this-story/components/taskbox/src/stories/User.ts
[16:59:55] Including      : /Users/smalone1/Documents/00_projects/Bench/react-to-this-story/react-to-this-story/components/taskbox/src/stories/header.component.ts
[16:59:55] Including      : /Users/smalone1/Documents/00_projects/Bench/react-to-this-story/react-to-this-story/components/taskbox/src/stories/page.component.ts
[16:59:55] Including      : /Users/smalone1/Documents/00_projects/Bench/react-to-this-story/react-to-this-story/components/taskbox/src/stories/Atoms/avatar/Avatar.stories.ts
[16:59:55] Including      : /Users/smalone1/Documents/00_projects/Bench/react-to-this-story/react-to-this-story/components/taskbox/src/stories/Atoms/avatar/avatar.component.ts
[16:59:55] Including      : /Users/smalone1/Documents/00_projects/Bench/react-to-this-story/react-to-this-story/components/taskbox/src/stories/Atoms/button/button.component.ts
[16:59:55] Including      : /Users/smalone1/Documents/00_projects/Bench/react-to-this-story/react-to-this-story/components/taskbox/src/stories/Atoms/button/Button.stories.ts
[16:59:55] Including      : /Users/smalone1/Documents/00_projects/Bench/react-to-this-story/react-to-this-story/components/taskbox/src/stories/Atoms/date-picker/DatePicker.stories.ts
[16:59:55] Including      : /Users/smalone1/Documents/00_projects/Bench/react-to-this-story/react-to-this-story/components/taskbox/src/stories/Atoms/date-picker/datePicker.component.ts
[16:59:55] Including      : /Users/smalone1/Documents/00_projects/Bench/react-to-this-story/react-to-this-story/components/taskbox/src/stories/Atoms/header/Header.stories.ts
[16:59:55] Including      : /Users/smalone1/Documents/00_projects/Bench/react-to-this-story/react-to-this-story/components/taskbox/src/stories/Atoms/header/header.component.ts
[16:59:55] Including      : /Users/smalone1/Documents/00_projects/Bench/react-to-this-story/react-to-this-story/components/taskbox/src/stories/Atoms/icon-button/IconButton.stories.ts
[16:59:55] Including      : /Users/smalone1/Documents/00_projects/Bench/react-to-this-story/react-to-this-story/components/taskbox/src/stories/Atoms/icon-button/iconButton.component.ts
[16:59:55] Including      : /Users/smalone1/Documents/00_projects/Bench/react-to-this-story/react-to-this-story/components/taskbox/src/stories/Atoms/rating/rating.component.ts
[16:59:55] Including      : /Users/smalone1/Documents/00_projects/Bench/react-to-this-story/react-to-this-story/components/taskbox/src/stories/Atoms/rating/Rating.stories.ts
[16:59:55] Searching package.json file
[16:59:55] package.json file found
[16:59:55] Processing package.json dependencies
[16:59:55] Searching README.md, CHANGELOG.md, CONTRIBUTING.md, LICENSE.md, TODO.md files
[16:59:55] README.md file found
[16:59:55] Error during /Users/smalone1/Documents/00_projects/Bench/react-to-this-story/react-to-this-story/components/taskbox/CHANGELOG read
[16:59:55] Continuing without CHANGELOG.md file
[16:59:55] Error during /Users/smalone1/Documents/00_projects/Bench/react-to-this-story/react-to-this-story/components/taskbox/CONTRIBUTING read
[16:59:55] Continuing without CONTRIBUTING.md file
[16:59:55] LICENSE.md file found
[16:59:55] Error during /Users/smalone1/Documents/00_projects/Bench/react-to-this-story/react-to-this-story/components/taskbox/TODO read
[16:59:55] Continuing without TODO.md file
[16:59:55] Get dependencies data
[16:59:56] parsing        : /Users/smalone1/Documents/00_projects/Bench/react-to-this-story/react-to-this-story/components/taskbox/.storybook/preview.ts
[16:59:56] found          : preview
[16:59:56] parsing        : /Users/smalone1/Documents/00_projects/Bench/react-to-this-story/react-to-this-story/components/taskbox/src/main.ts
[16:59:56] parsing        : /Users/smalone1/Documents/00_projects/Bench/react-to-this-story/react-to-this-story/components/taskbox/src/polyfills.ts
[16:59:56] parsing        : /Users/smalone1/Documents/00_projects/Bench/react-to-this-story/react-to-this-story/components/taskbox/src/app/app.component.ts
[16:59:56] found          : AppComponent
[16:59:56] parsing        : /Users/smalone1/Documents/00_projects/Bench/react-to-this-story/react-to-this-story/components/taskbox/src/app/app.module.ts
[16:59:56] found          : AppModule
[16:59:56]                : - imports:
[16:59:56]                : 	- BrowserModule
[16:59:56]                : 	- MatIconModule
[16:59:56]                : 	- BrowserAnimationsModule
[16:59:56]                : - declarations:
[16:59:56]                : 	- AppComponent
[16:59:56]                : - bootstrap:
[16:59:56]                : 	- AppComponent
[16:59:56] parsing        : /Users/smalone1/Documents/00_projects/Bench/react-to-this-story/react-to-this-story/components/taskbox/src/environments/environment.prod.ts
[16:59:56] found          : environment
[16:59:56] parsing        : /Users/smalone1/Documents/00_projects/Bench/react-to-this-story/react-to-this-story/components/taskbox/src/environments/environment.ts
[16:59:56] found          : environment
[16:59:56] parsing        : /Users/smalone1/Documents/00_projects/Bench/react-to-this-story/react-to-this-story/components/taskbox/src/stories/Header.stories.ts
[16:59:56] found          : meta
[16:59:56] found          : Story
[16:59:56] found          : LoggedIn
[16:59:56] found          : LoggedOut
[16:59:56] parsing        : /Users/smalone1/Documents/00_projects/Bench/react-to-this-story/react-to-this-story/components/taskbox/src/stories/Page.stories.ts
[16:59:56] found          : meta
[16:59:56] found          : Story
[16:59:56] found          : LoggedOut
[16:59:56] found          : LoggedIn
[16:59:56] parsing        : /Users/smalone1/Documents/00_projects/Bench/react-to-this-story/react-to-this-story/components/taskbox/src/stories/User.ts
[16:59:56] found          : User
[16:59:56] parsing        : /Users/smalone1/Documents/00_projects/Bench/react-to-this-story/react-to-this-story/components/taskbox/src/stories/header.component.ts
[16:59:56] found          : HeaderComponent
[16:59:56] parsing        : /Users/smalone1/Documents/00_projects/Bench/react-to-this-story/react-to-this-story/components/taskbox/src/stories/page.component.ts
[16:59:56] found          : PageComponent
[16:59:56] parsing        : /Users/smalone1/Documents/00_projects/Bench/react-to-this-story/react-to-this-story/components/taskbox/src/stories/Atoms/avatar/Avatar.stories.ts
[16:59:56] found          : meta
[16:59:56] found          : Story
[16:59:56] found          : Primary
[16:59:56] parsing        : /Users/smalone1/Documents/00_projects/Bench/react-to-this-story/react-to-this-story/components/taskbox/src/stories/Atoms/avatar/avatar.component.ts
[16:59:56] found          : AvatarComponent
[16:59:56] parsing        : /Users/smalone1/Documents/00_projects/Bench/react-to-this-story/react-to-this-story/components/taskbox/src/stories/Atoms/button/button.component.ts
[16:59:56] found          : ButtonComponent
[16:59:56] parsing        : /Users/smalone1/Documents/00_projects/Bench/react-to-this-story/react-to-this-story/components/taskbox/src/stories/Atoms/button/Button.stories.ts
[16:59:56] found          : meta
[16:59:56] found          : Story
[16:59:56] found          : Primary
[16:59:56] found          : Secondary
[16:59:56] found          : SecondaryGray
[16:59:56] found          : Tertiary
[16:59:56] found          : TertiaryGray
[16:59:56] found          : Large
[16:59:56] found          : Medium
[16:59:56] found          : Small
[16:59:56] parsing        : /Users/smalone1/Documents/00_projects/Bench/react-to-this-story/react-to-this-story/components/taskbox/src/stories/Atoms/date-picker/DatePicker.stories.ts
[16:59:56] found          : meta
[16:59:56] found          : Story
[16:59:56] found          : Primary
[16:59:56] parsing        : /Users/smalone1/Documents/00_projects/Bench/react-to-this-story/react-to-this-story/components/taskbox/src/stories/Atoms/date-picker/datePicker.component.ts
[16:59:56] found          : DatePickerComponent
[16:59:56] parsing        : /Users/smalone1/Documents/00_projects/Bench/react-to-this-story/react-to-this-story/components/taskbox/src/stories/Atoms/header/Header.stories.ts
[16:59:56] found          : meta
[16:59:56] found          : Story
[16:59:56] found          : Primary
[16:59:56] parsing        : /Users/smalone1/Documents/00_projects/Bench/react-to-this-story/react-to-this-story/components/taskbox/src/stories/Atoms/header/header.component.ts
[16:59:56] found          : HeaderComponent
[16:59:56] parsing        : /Users/smalone1/Documents/00_projects/Bench/react-to-this-story/react-to-this-story/components/taskbox/src/stories/Atoms/icon-button/IconButton.stories.ts
[16:59:56] found          : meta
[16:59:56] found          : Story
[16:59:56] found          : Primary
[16:59:56] parsing        : /Users/smalone1/Documents/00_projects/Bench/react-to-this-story/react-to-this-story/components/taskbox/src/stories/Atoms/icon-button/iconButton.component.ts
[16:59:56] found          : IconButtonComponent
[16:59:56] parsing        : /Users/smalone1/Documents/00_projects/Bench/react-to-this-story/react-to-this-story/components/taskbox/src/stories/Atoms/rating/rating.component.ts
[16:59:56] found          : RatingComponent
[16:59:56] parsing        : /Users/smalone1/Documents/00_projects/Bench/react-to-this-story/react-to-this-story/components/taskbox/src/stories/Atoms/rating/Rating.stories.ts
[16:59:56] found          : meta
[16:59:56] found          : Story
[16:59:56] found          : Primary
[16:59:56] -------------------
[16:59:56] Project statistics 
[16:59:56] - files      : 25
[16:59:56] - module     : 1
[16:59:56] - component  : 9
[16:59:56] - interface  : 1
[16:59:56] -------------------
[16:59:56] Prepare components
[16:59:56]  AppComponent has a templateUrl, include it
[16:59:56]  AppComponent has styleUrls, include them
[16:59:56]  AvatarComponent has styleUrls, include them
[16:59:56]  ButtonComponent has styleUrls, include them
[16:59:56]  DatePickerComponent has styleUrls, include them
[16:59:56]  HeaderComponent has styleUrls, include them
[16:59:56]  HeaderComponent has styleUrls, include them
[16:59:56]  IconButtonComponent has styleUrls, include them
[16:59:56]  PageComponent has styleUrls, include them
[16:59:56]  RatingComponent has styleUrls, include them
[16:59:56] Prepare modules
[16:59:56] Prepare interfaces
[16:59:56] Prepare miscellaneous
[16:59:56] Process documentation coverage report
[16:59:56] Generating documentation in export format json
[16:59:56] Documentation generated in ./ in 1.157 seconds
info => Cleaning outputDir: /var/folders/bc/gy649sk16978mh1k_3npkvs00000gp/T/chromatic--73569-qjDuoKSG46dg

info => Loading presets
info => Building manager..
info => Manager built (1.64 s)
info => Building preview..
info => Copying static files: /Users/smalone1/Documents/00_projects/Bench/react-to-this-story/react-to-this-story/components/taskbox/node_modules/@storybook/manager/static at /var/folders/bc/gy649sk16978mh1k_3npkvs00000gp/T/chromatic--73569-qjDuoKSG46dg/sb-common-assets
info Addon-docs: using MDX2
info => Using implicit CSS loaders
info => Using angular browser target options from "taskbox:build"
info => Using angular project with "tsConfig:/Users/smalone1/Documents/00_projects/Bench/react-to-this-story/react-to-this-story/components/taskbox/.storybook/tsconfig.json"
info => Using default Webpack5 setup
<s> [webpack.Progress] 0% 

<s> [webpack.Progress] 1% setup before run
<s> [webpack.Progress] 1% setup before run NodeEnvironmentPlugin
<s> [webpack.Progress] 1% setup before run
<s> [webpack.Progress] 2% setup run
<s> [webpack.Progress] 2% setup run
<s> [webpack.Progress] 4% setup normal module factory
<s> [webpack.Progress] 4% setup normal module factory CaseSensitivePathsPlugin
<s> [webpack.Progress] 4% setup normal module factory
<s> [webpack.Progress] 5% setup context module factory
<s> [webpack.Progress] 5% setup context module factory
<s> [webpack.Progress] 6% setup before compile
<s> [webpack.Progress] 6% setup before compile angular-compiler
<s> [webpack.Progress] 6% setup before compile ProgressPlugin
<s> [webpack.Progress] 6% setup before compile
<s> [webpack.Progress] 7% setup compile
<s> [webpack.Progress] 7% setup compile ExternalsPlugin
<s> [webpack.Progress] 7% setup compile ExternalsPlugin
<s> [webpack.Progress] 7% setup compile
<s> [webpack.Progress] 8% setup compilation
<s> [webpack.Progress] 8% setup compilation angular-occurrences-plugin
<s> [webpack.Progress] 8% setup compilation angular-compiler
<s> [webpack.Progress] 8% setup compilation styles-webpack-plugin
<s> [webpack.Progress] 8% setup compilation mini-css-extract-plugin
<s> [webpack.Progress] 8% setup compilation unplugin-csf
<s> [webpack.Progress] 8% setup compilation storybook-normalize-angular-entry-plugin
<s> [webpack.Progress] 8% setup compilation ArrayPushCallbackChunkFormatPlugin
<s> [webpack.Progress] 8% setup compilation JsonpChunkLoadingPlugin
<s> [webpack.Progress] 8% setup compilation StartupChunkDependenciesPlugin
<s> [webpack.Progress] 8% setup compilation ImportScriptsChunkLoadingPlugin
<s> [webpack.Progress] 8% setup compilation FetchCompileWasmPlugin
<s> [webpack.Progress] 8% setup compilation FetchCompileAsyncWasmPlugin
<s> [webpack.Progress] 8% setup compilation WorkerPlugin
<s> [webpack.Progress] 8% setup compilation SplitChunksPlugin
<s> [webpack.Progress] 8% setup compilation RuntimeChunkPlugin
<s> [webpack.Progress] 8% setup compilation ResolverCachePlugin
<s> [webpack.Progress] 8% setup compilation HtmlWebpackPlugin
<s> [webpack.Progress] 8% setup compilation
<s> [webpack.Progress] 9% setup compilation
<s> [webpack.Progress] 9% setup compilation named-chunks-plugin
<s> [webpack.Progress] 9% setup compilation DedupeModuleResolvePlugin
<s> [webpack.Progress] 9% setup compilation AnyComponentStyleBudgetChecker
<s> [webpack.Progress] 9% setup compilation mini-css-extract-plugin
<s> [webpack.Progress] 9% setup compilation SuppressExtractedTextChunks
<s> [webpack.Progress] 9% setup compilation DefinePlugin
<s> [webpack.Progress] 9% setup compilation ProvidePlugin
<s> [webpack.Progress] 9% setup compilation ProgressPlugin
<s> [webpack.Progress] 9% setup compilation ChunkPrefetchPreloadPlugin
<s> [webpack.Progress] 9% setup compilation SourceMapDevToolPlugin
<s> [webpack.Progress] 9% setup compilation JavascriptModulesPlugin
<s> [webpack.Progress] 9% setup compilation JsonModulesPlugin
<s> [webpack.Progress] 9% setup compilation AssetModulesPlugin
<s> [webpack.Progress] 9% setup compilation DynamicEntryPlugin
<s> [webpack.Progress] 9% setup compilation RuntimePlugin
<s> [webpack.Progress] 9% setup compilation InferAsyncModulesPlugin
<s> [webpack.Progress] 9% setup compilation DataUriPlugin
<s> [webpack.Progress] 9% setup compilation FileUriPlugin
<s> [webpack.Progress] 9% setup compilation CompatibilityPlugin
<s> [webpack.Progress] 9% setup compilation HarmonyModulesPlugin
<s> [webpack.Progress] 9% setup compilation AMDPlugin
<s> [webpack.Progress] 9% setup compilation RequireJsStuffPlugin
<s> [webpack.Progress] 9% setup compilation CommonJsPlugin
<s> [webpack.Progress] 9% setup compilation LoaderPlugin
<s> [webpack.Progress] 9% setup compilation LoaderPlugin
<s> [webpack.Progress] 9% setup compilation NodeStuffPlugin
<s> [webpack.Progress] 9% setup compilation APIPlugin
<s> [webpack.Progress] 9% setup compilation ExportsInfoApiPlugin
<s> [webpack.Progress] 9% setup compilation WebpackIsIncludedPlugin
<s> [webpack.Progress] 9% setup compilation ConstPlugin
<s> [webpack.Progress] 9% setup compilation UseStrictPlugin
<s> [webpack.Progress] 9% setup compilation RequireIncludePlugin
<s> [webpack.Progress] 9% setup compilation RequireEnsurePlugin
<s> [webpack.Progress] 9% setup compilation RequireContextPlugin
<s> [webpack.Progress] 9% setup compilation ImportPlugin
<s> [webpack.Progress] 9% setup compilation RequireContextPlugin
<s> [webpack.Progress] 9% setup compilation SystemPlugin
<s> [webpack.Progress] 9% setup compilation ImportMetaPlugin
<s> [webpack.Progress] 9% setup compilation URLPlugin
<s> [webpack.Progress] 9% setup compilation DefaultStatsFactoryPlugin
<s> [webpack.Progress] 9% setup compilation DefaultStatsPresetPlugin
<s> [webpack.Progress] 9% setup compilation DefaultStatsPrinterPlugin
<s> [webpack.Progress] 9% setup compilation JavascriptMetaInfoPlugin
<s> [webpack.Progress] 9% setup compilation EnsureChunkConditionsPlugin
<s> [webpack.Progress] 9% setup compilation RemoveEmptyChunksPlugin
<s> [webpack.Progress] 9% setup compilation MergeDuplicateChunksPlugin
<s> [webpack.Progress] 9% setup compilation FlagIncludedChunksPlugin
<s> [webpack.Progress] 9% setup compilation SideEffectsFlagPlugin
<s> [webpack.Progress] 9% setup compilation FlagDependencyExportsPlugin
<s> [webpack.Progress] 9% setup compilation FlagDependencyUsagePlugin
<s> [webpack.Progress] 9% setup compilation InnerGraphPlugin
<s> [webpack.Progress] 9% setup compilation MangleExportsPlugin
<s> [webpack.Progress] 9% setup compilation ModuleConcatenationPlugin
<s> [webpack.Progress] 9% setup compilation NoEmitOnErrorsPlugin
<s> [webpack.Progress] 9% setup compilation RealContentHashPlugin
<s> [webpack.Progress] 9% setup compilation WasmFinalizeExportsPlugin
<s> [webpack.Progress] 9% setup compilation NamedModuleIdsPlugin
<s> [webpack.Progress] 9% setup compilation DeterministicChunkIdsPlugin
<s> [webpack.Progress] 9% setup compilation DefinePlugin
<s> [webpack.Progress] 9% setup compilation TerserPlugin
<s> [webpack.Progress] 9% setup compilation TemplatedPathPlugin
<s> [webpack.Progress] 9% setup compilation RecordIdsPlugin
<s> [webpack.Progress] 9% setup compilation WarnCaseSensitiveModulesPlugin
<s> [webpack.Progress] 9% setup compilation IgnoreWarningsPlugin
<s> [webpack.Progress] 9% setup compilation
<s> [webpack.Progress] 10% building
<s> [webpack.Progress] 10% building 0/1 entries 0/0 dependencies 0/0 modules
<s> [webpack.Progress] 10% building import loader ./node_modules/@angular-devkit/build-angular/src/babel/webpack-loader.js
<s> [webpack.Progress] 10% building 0/4 entries 1/4 dependencies 0/1 modules
<s> [webpack.Progress] 10% building import loader ./node_modules/mini-css-extract-plugin/dist/loader.js
<s> [webpack.Progress] 10% building import loader ./node_modules/css-loader/dist/cjs.js
<s> [webpack.Progress] 10% building import loader ./node_modules/postcss-loader/dist/cjs.js
<s> [webpack.Progress] 10% building 0/4 entries 2/4 dependencies 0/2 modules
<s> [webpack.Progress] 10% building 0/4 entries 2/5 dependencies 0/2 modules
<s> [webpack.Progress] 10% building 0/4 entries 6/7 dependencies 0/6 modules
<s> [webpack.Progress] 23% building 1/4 entries 6/8 dependencies 1/6 modules
<s> [webpack.Progress] 37% building 2/4 entries 17/30 dependencies 9/15 modules
<s> [webpack.Progress] 37% building import loader ./node_modules/@storybook/mdx2-csf/loader.js
<s> [webpack.Progress] 37% building 2/4 entries 33/50 dependencies 10/29 modules
<s> [webpack.Progress] 37% building import loader ./node_modules/@ngtools/webpack/src/ivy/index.js
<s> [webpack.Progress] 37% building 2/4 entries 33/50 dependencies 10/29 modules
<s> [webpack.Progress] 46% building 3/4 entries 33/50 dependencies 12/29 modules
<s> [webpack.Progress] 48% building import loader ./node_modules/unplugin/dist/webpack/loaders/load.js
<s> [webpack.Progress] 48% building 3/4 entries 57/81 dependencies 13/43 modules
<s> [webpack.Progress] 51% building 3/4 entries 200/241 dependencies 37/114 modules
<s> [webpack.Progress] 51% building 3/4 entries 246/273 dependencies 47/124 modules
<s> [webpack.Progress] 51% building 3/4 entries 300/373 dependencies 66/133 modules
<s> [webpack.Progress] 51% building 3/4 entries 379/400 dependencies 67/171 modules
<s> [webpack.Progress] 36% building 3/4 entries 527/1100 dependencies 87/230 modules
<s> [webpack.Progress] 51% building 3/4 entries 1197/1400 dependencies 112/611 modules
<s> [webpack.Progress] 51% building 3/4 entries 1737/1800 dependencies 143/731 modules
<s> [webpack.Progress] 51% building 3/4 entries 2044/2100 dependencies 156/746 modules
<s> [webpack.Progress] 51% building 3/4 entries 2566/2595 dependencies 246/800 modules
<s> [webpack.Progress] 51% building 3/4 entries 2928/2968 dependencies 700/884 modules
<s> [webpack.Progress] 53% building 3/4 entries 3479/3500 dependencies 892/1118 modules
<s> [webpack.Progress] 60% building 3/4 entries 3672/3700 dependencies 1059/1143 modules
<s> [webpack.Progress] 65% building 4/4 entries 3910/3910 dependencies 1198/1198 modules
<s> [webpack.Progress] 65% building
<s> [webpack.Progress] 69% building finish
<s> [webpack.Progress] 69% building finish
<s> [webpack.Progress] 70% sealing finish module graph
<s> [webpack.Progress] 70% sealing finish module graph angular-compiler
<s> [webpack.Progress] 70% sealing finish module graph ResolverCachePlugin
<s> [webpack.Progress] 70% sealing finish module graph InferAsyncModulesPlugin
<s> [webpack.Progress] 70% sealing finish module graph FlagDependencyExportsPlugin
<s> [webpack.Progress] 70% sealing finish module graph InnerGraphPlugin
<s> [webpack.Progress] 70% sealing finish module graph WasmFinalizeExportsPlugin
<s> [webpack.Progress] 70% sealing finish module graph
<s> [webpack.Progress] 70% sealing plugins
<s> [webpack.Progress] 70% sealing plugins WarnCaseSensitiveModulesPlugin
<s> [webpack.Progress] 70% sealing plugins
<s> [webpack.Progress] 71% sealing dependencies optimization
<s> [webpack.Progress] 71% sealing dependencies optimization SideEffectsFlagPlugin
<s> [webpack.Progress] 71% sealing dependencies optimization FlagDependencyUsagePlugin
<s> [webpack.Progress] 71% sealing dependencies optimization
<s> [webpack.Progress] 71% sealing after dependencies optimization
<s> [webpack.Progress] 71% sealing after dependencies optimization
<s> [webpack.Progress] 72% sealing chunk graph
<s> [webpack.Progress] 72% sealing chunk graph
<s> [webpack.Progress] 73% sealing after chunk graph
<s> [webpack.Progress] 73% sealing after chunk graph
<s> [webpack.Progress] 73% sealing optimizing
<s> [webpack.Progress] 73% sealing optimizing
<s> [webpack.Progress] 74% sealing module optimization
<s> [webpack.Progress] 74% sealing module optimization
<s> [webpack.Progress] 75% sealing after module optimization
<s> [webpack.Progress] 75% sealing after module optimization
<s> [webpack.Progress] 75% sealing chunk optimization
<s> [webpack.Progress] 75% sealing chunk optimization EnsureChunkConditionsPlugin
<s> [webpack.Progress] 75% sealing chunk optimization RemoveEmptyChunksPlugin
<s> [webpack.Progress] 75% sealing chunk optimization MergeDuplicateChunksPlugin
<s> [webpack.Progress] 75% sealing chunk optimization SplitChunksPlugin
<s> [webpack.Progress] 75% sealing chunk optimization RemoveEmptyChunksPlugin
<s> [webpack.Progress] 75% sealing chunk optimization
<s> [webpack.Progress] 76% sealing after chunk optimization
<s> [webpack.Progress] 76% sealing after chunk optimization
<s> [webpack.Progress] 77% sealing module and chunk tree optimization
<s> [webpack.Progress] 77% sealing module and chunk tree optimization PersistentChildCompilerSingletonPlugin
<s> [webpack.Progress] 77% sealing module and chunk tree optimization
<s> [webpack.Progress] 77% sealing after module and chunk tree optimization
<s> [webpack.Progress] 77% sealing after module and chunk tree optimization
<s> [webpack.Progress] 78% sealing chunk modules optimization
<s> [webpack.Progress] 78% sealing chunk modules optimization ModuleConcatenationPlugin
<s> [webpack.Progress] 78% sealing chunk modules optimization
<s> [webpack.Progress] 78% sealing after chunk modules optimization
<s> [webpack.Progress] 78% sealing after chunk modules optimization
<s> [webpack.Progress] 79% sealing module reviving
<s> [webpack.Progress] 79% sealing module reviving RecordIdsPlugin
<s> [webpack.Progress] 79% sealing module reviving
<s> [webpack.Progress] 80% sealing before module ids
<s> [webpack.Progress] 80% sealing before module ids
<s> [webpack.Progress] 80% sealing module ids
<s> [webpack.Progress] 80% sealing module ids NamedModuleIdsPlugin
<s> [webpack.Progress] 80% sealing module ids
<s> [webpack.Progress] 81% sealing module id optimization
<s> [webpack.Progress] 81% sealing module id optimization
<s> [webpack.Progress] 82% sealing module id optimization
<s> [webpack.Progress] 82% sealing module id optimization
<s> [webpack.Progress] 82% sealing chunk reviving
<s> [webpack.Progress] 82% sealing chunk reviving RecordIdsPlugin
<s> [webpack.Progress] 82% sealing chunk reviving
<s> [webpack.Progress] 83% sealing before chunk ids
<s> [webpack.Progress] 83% sealing before chunk ids
<s> [webpack.Progress] 84% sealing chunk ids
<s> [webpack.Progress] 84% sealing chunk ids DeterministicChunkIdsPlugin
<s> [webpack.Progress] 84% sealing chunk ids
<s> [webpack.Progress] 84% sealing chunk id optimization
<s> [webpack.Progress] 84% sealing chunk id optimization FlagIncludedChunksPlugin
<s> [webpack.Progress] 84% sealing chunk id optimization
<s> [webpack.Progress] 85% sealing after chunk id optimization
<s> [webpack.Progress] 85% sealing after chunk id optimization
<s> [webpack.Progress] 86% sealing record modules
<s> [webpack.Progress] 86% sealing record modules RecordIdsPlugin
<s> [webpack.Progress] 86% sealing record modules
<s> [webpack.Progress] 86% sealing record chunks
<s> [webpack.Progress] 86% sealing record chunks RecordIdsPlugin
<s> [webpack.Progress] 86% sealing record chunks
<s> [webpack.Progress] 87% sealing module hashing
<s> [webpack.Progress] 87% sealing module hashing
<s> [webpack.Progress] 87% sealing code generation
<s> [webpack.Progress] 87% sealing code generation
<s> [webpack.Progress] 88% sealing runtime requirements
<s> [webpack.Progress] 88% sealing runtime requirements
<s> [webpack.Progress] 89% sealing hashing
<s> [webpack.Progress] 89% sealing hashing
<s> [webpack.Progress] 89% sealing after hashing
<s> [webpack.Progress] 89% sealing after hashing
<s> [webpack.Progress] 90% sealing record hash
<s> [webpack.Progress] 90% sealing record hash
<s> [webpack.Progress] 91% sealing module assets processing
<s> [webpack.Progress] 91% sealing module assets processing
<s> [webpack.Progress] 91% sealing chunk assets processing
<s> [webpack.Progress] 91% sealing chunk assets processing
<s> [webpack.Progress] 92% sealing asset processing
<s> [webpack.Progress] 92% sealing asset processing PersistentChildCompilerSingletonPlugin
<s> [webpack.Progress] 92% sealing asset processing TerserPlugin
<s> [webpack.Progress] 92% sealing asset processing SourceMapDevToolPlugin
<s> [webpack.Progress] 92% sealing asset processing SourceMapDevToolPlugin
<s> [webpack.Progress] 92% sealing asset processing SourceMapDevToolPlugin main.2e0cdcab2658fdfd87d8.css generate SourceMap
<s> [webpack.Progress] 92% sealing asset processing SourceMapDevToolPlugin main.2e0cdcab2658fdfd87d8.css generated SourceMap
<s> [webpack.Progress] 92% sealing asset processing SourceMapDevToolPlugin main.87194b1f.iframe.bundle.js generate SourceMap
<s> [webpack.Progress] 92% sealing asset processing SourceMapDevToolPlugin main.87194b1f.iframe.bundle.js generated SourceMap
<s> [webpack.Progress] 92% sealing asset processing SourceMapDevToolPlugin runtime~main.3dcdf76f.iframe.bundle.js generate SourceMap
<s> [webpack.Progress] 92% sealing asset processing SourceMapDevToolPlugin runtime~main.3dcdf76f.iframe.bundle.js generated SourceMap
<s> [webpack.Progress] 92% sealing asset processing SourceMapDevToolPlugin stories-Introduction-mdx.ddb1a0ba.iframe.bundle.js generate SourceMap
<s> [webpack.Progress] 92% sealing asset processing SourceMapDevToolPlugin stories-Introduction-mdx.ddb1a0ba.iframe.bundle.js generated SourceMap
<s> [webpack.Progress] 92% sealing asset processing SourceMapDevToolPlugin stories-Atoms-avatar-Avatar-stories.426bdd5b.iframe.bundle.js generate SourceMap
<s> [webpack.Progress] 92% sealing asset processing SourceMapDevToolPlugin stories-Atoms-avatar-Avatar-stories.426bdd5b.iframe.bundle.js generated SourceMap
<s> [webpack.Progress] 92% sealing asset processing SourceMapDevToolPlugin stories-Atoms-button-Button-stories.b5fd359d.iframe.bundle.js generate SourceMap
<s> [webpack.Progress] 92% sealing asset processing SourceMapDevToolPlugin stories-Atoms-button-Button-stories.b5fd359d.iframe.bundle.js generated SourceMap
<s> [webpack.Progress] 92% sealing asset processing SourceMapDevToolPlugin stories-Atoms-date-picker-DatePicker-stories.c5f0f56e.iframe.bundle.js generate SourceMap
<s> [webpack.Progress] 92% sealing asset processing SourceMapDevToolPlugin stories-Atoms-date-picker-DatePicker-stories.c5f0f56e.iframe.bundle.js generated SourceMap
<s> [webpack.Progress] 92% sealing asset processing SourceMapDevToolPlugin stories-Atoms-header-Header-stories.3f7ca536.iframe.bundle.js generate SourceMap
<s> [webpack.Progress] 92% sealing asset processing SourceMapDevToolPlugin stories-Atoms-header-Header-stories.3f7ca536.iframe.bundle.js generated SourceMap
<s> [webpack.Progress] 92% sealing asset processing SourceMapDevToolPlugin stories-Atoms-icon-button-IconButton-stories.6ef1bacb.iframe.bundle.js generate SourceMap
<s> [webpack.Progress] 92% sealing asset processing SourceMapDevToolPlugin stories-Atoms-icon-button-IconButton-stories.6ef1bacb.iframe.bundle.js generated SourceMap
<s> [webpack.Progress] 92% sealing asset processing SourceMapDevToolPlugin stories-Atoms-rating-Rating-stories.5f8d28bf.iframe.bundle.js generate SourceMap
<s> [webpack.Progress] 92% sealing asset processing SourceMapDevToolPlugin stories-Atoms-rating-Rating-stories.5f8d28bf.iframe.bundle.js generated SourceMap
<s> [webpack.Progress] 92% sealing asset processing SourceMapDevToolPlugin stories-Header-stories.acfc3e8a.iframe.bundle.js generate SourceMap
<s> [webpack.Progress] 92% sealing asset processing SourceMapDevToolPlugin stories-Header-stories.acfc3e8a.iframe.bundle.js generated SourceMap
<s> [webpack.Progress] 92% sealing asset processing SourceMapDevToolPlugin stories-Page-stories.08320aed.iframe.bundle.js generate SourceMap
<s> [webpack.Progress] 92% sealing asset processing SourceMapDevToolPlugin stories-Page-stories.08320aed.iframe.bundle.js generated SourceMap
<s> [webpack.Progress] 92% sealing asset processing SourceMapDevToolPlugin 216.23b9c009.iframe.bundle.js generate SourceMap
<s> [webpack.Progress] 92% sealing asset processing SourceMapDevToolPlugin 216.23b9c009.iframe.bundle.js generated SourceMap
<s> [webpack.Progress] 92% sealing asset processing SourceMapDevToolPlugin 774.bd180d46.iframe.bundle.js generate SourceMap
<s> [webpack.Progress] 92% sealing asset processing SourceMapDevToolPlugin 774.bd180d46.iframe.bundle.js generated SourceMap
<s> [webpack.Progress] 92% sealing asset processing SourceMapDevToolPlugin 657.5a0768b4.iframe.bundle.js generate SourceMap
<s> [webpack.Progress] 92% sealing asset processing SourceMapDevToolPlugin 657.5a0768b4.iframe.bundle.js generated SourceMap
<s> [webpack.Progress] 92% sealing asset processing SourceMapDevToolPlugin 103.fe06b9ef.iframe.bundle.js generate SourceMap
<s> [webpack.Progress] 92% sealing asset processing SourceMapDevToolPlugin 103.fe06b9ef.iframe.bundle.js generated SourceMap
<s> [webpack.Progress] 92% sealing asset processing SourceMapDevToolPlugin 117.1a110eb2.iframe.bundle.js generate SourceMap
<s> [webpack.Progress] 92% sealing asset processing SourceMapDevToolPlugin 117.1a110eb2.iframe.bundle.js generated SourceMap
<s> [webpack.Progress] 92% sealing asset processing SourceMapDevToolPlugin 568.04367e3e.iframe.bundle.js generate SourceMap
<s> [webpack.Progress] 92% sealing asset processing SourceMapDevToolPlugin 568.04367e3e.iframe.bundle.js generated SourceMap
<s> [webpack.Progress] 92% sealing asset processing SourceMapDevToolPlugin 287.c666ebda.iframe.bundle.js generate SourceMap
<s> [webpack.Progress] 92% sealing asset processing SourceMapDevToolPlugin 287.c666ebda.iframe.bundle.js generated SourceMap
<s> [webpack.Progress] 92% sealing asset processing SourceMapDevToolPlugin 171.cd185875.iframe.bundle.js generate SourceMap
<s> [webpack.Progress] 92% sealing asset processing SourceMapDevToolPlugin 171.cd185875.iframe.bundle.js generated SourceMap
<s> [webpack.Progress] 92% sealing asset processing SourceMapDevToolPlugin 419.c2f292194aa559b71a05.css generate SourceMap
<s> [webpack.Progress] 92% sealing asset processing SourceMapDevToolPlugin 419.c2f292194aa559b71a05.css generated SourceMap
<s> [webpack.Progress] 92% sealing asset processing SourceMapDevToolPlugin 419.1b9e4af1.iframe.bundle.js generate SourceMap
<s> [webpack.Progress] 92% sealing asset processing SourceMapDevToolPlugin 419.1b9e4af1.iframe.bundle.js generated SourceMap
<s> [webpack.Progress] 92% sealing asset processing SourceMapDevToolPlugin 437.8da4e4b6.iframe.bundle.js generate SourceMap
<s> [webpack.Progress] 92% sealing asset processing SourceMapDevToolPlugin 437.8da4e4b6.iframe.bundle.js generated SourceMap
<s> [webpack.Progress] 92% sealing asset processing SourceMapDevToolPlugin 238.92e5dbcd.iframe.bundle.js generate SourceMap
<s> [webpack.Progress] 92% sealing asset processing SourceMapDevToolPlugin 238.92e5dbcd.iframe.bundle.js generated SourceMap
<s> [webpack.Progress] 92% sealing asset processing SourceMapDevToolPlugin resolve sources
<s> [webpack.Progress] 92% sealing asset processing SourceMapDevToolPlugin 103.fe06b9ef.iframe.bundle.js attach SourceMap
<s> [webpack.Progress] 92% sealing asset processing SourceMapDevToolPlugin 103.fe06b9ef.iframe.bundle.js attached SourceMap
<s> [webpack.Progress] 92% sealing asset processing SourceMapDevToolPlugin 171.cd185875.iframe.bundle.js attach SourceMap
<s> [webpack.Progress] 92% sealing asset processing SourceMapDevToolPlugin 171.cd185875.iframe.bundle.js attached SourceMap
<s> [webpack.Progress] 92% sealing asset processing SourceMapDevToolPlugin 419.1b9e4af1.iframe.bundle.js attach SourceMap
<s> [webpack.Progress] 92% sealing asset processing SourceMapDevToolPlugin 419.1b9e4af1.iframe.bundle.js attached SourceMap
<s> [webpack.Progress] 92% sealing asset processing SourceMapDevToolPlugin 437.8da4e4b6.iframe.bundle.js attach SourceMap
<s> [webpack.Progress] 92% sealing asset processing SourceMapDevToolPlugin 437.8da4e4b6.iframe.bundle.js attached SourceMap
<s> [webpack.Progress] 92% sealing asset processing SourceMapDevToolPlugin
<s> [webpack.Progress] 92% sealing asset processing SourceMapDevToolPlugin
<s> [webpack.Progress] 92% sealing asset processing SourceMapDevToolPlugin resolve sources
<s> [webpack.Progress] 92% sealing asset processing SourceMapDevToolPlugin
<s> [webpack.Progress] 92% sealing asset processing HtmlWebpackPlugin
<s> [webpack.Progress] 92% sealing asset processing HtmlWebpackPlugin
<s> [webpack.Progress] 92% sealing asset processing HtmlWebpackPlugin resolve sources
<s> [webpack.Progress] 92% sealing asset processing HtmlWebpackPlugin
<s> [webpack.Progress] 92% sealing asset processing RealContentHashPlugin
<s> [webpack.Progress] 92% sealing asset processing RealContentHashPlugin
<s> [webpack.Progress] 92% sealing asset processing RealContentHashPlugin main.f7331ad09bf074845ac8.css generate SourceMap
<s> [webpack.Progress] 92% sealing asset processing RealContentHashPlugin main.f7331ad09bf074845ac8.css generated SourceMap
<s> [webpack.Progress] 92% sealing asset processing RealContentHashPlugin main.1e313a91.iframe.bundle.js generate SourceMap
<s> [webpack.Progress] 92% sealing asset processing RealContentHashPlugin main.1e313a91.iframe.bundle.js generated SourceMap
<s> [webpack.Progress] 92% sealing asset processing RealContentHashPlugin runtime~main.8e496f6c.iframe.bundle.js generate SourceMap
<s> [webpack.Progress] 92% sealing asset processing RealContentHashPlugin runtime~main.8e496f6c.iframe.bundle.js generated SourceMap
<s> [webpack.Progress] 92% sealing asset processing RealContentHashPlugin stories-Atoms-avatar-Avatar-stories.1bad1ffe.iframe.bundle.js generate SourceMap
<s> [webpack.Progress] 92% sealing asset processing RealContentHashPlugin stories-Atoms-avatar-Avatar-stories.1bad1ffe.iframe.bundle.js generated SourceMap
<s> [webpack.Progress] 92% sealing asset processing RealContentHashPlugin stories-Atoms-button-Button-stories.49c0289c.iframe.bundle.js generate SourceMap
<s> [webpack.Progress] 92% sealing asset processing RealContentHashPlugin stories-Atoms-button-Button-stories.49c0289c.iframe.bundle.js generated SourceMap
<s> [webpack.Progress] 92% sealing asset processing RealContentHashPlugin stories-Atoms-date-picker-DatePicker-stories.aed60b54.iframe.bundle.js generate SourceMap
<s> [webpack.Progress] 92% sealing asset processing RealContentHashPlugin stories-Atoms-date-picker-DatePicker-stories.aed60b54.iframe.bundle.js generated SourceMap
<s> [webpack.Progress] 92% sealing asset processing RealContentHashPlugin stories-Atoms-header-Header-stories.80f9ce63.iframe.bundle.js generate SourceMap
<s> [webpack.Progress] 92% sealing asset processing RealContentHashPlugin stories-Atoms-header-Header-stories.80f9ce63.iframe.bundle.js generated SourceMap
<s> [webpack.Progress] 92% sealing asset processing RealContentHashPlugin stories-Atoms-icon-button-IconButton-stories.2d241660.iframe.bundle.js generate SourceMap
<s> [webpack.Progress] 92% sealing asset processing RealContentHashPlugin stories-Atoms-icon-button-IconButton-stories.2d241660.iframe.bundle.js generated SourceMap
<s> [webpack.Progress] 92% sealing asset processing RealContentHashPlugin stories-Atoms-rating-Rating-stories.a75c505b.iframe.bundle.js generate SourceMap
<s> [webpack.Progress] 92% sealing asset processing RealContentHashPlugin stories-Atoms-rating-Rating-stories.a75c505b.iframe.bundle.js generated SourceMap
<s> [webpack.Progress] 92% sealing asset processing RealContentHashPlugin stories-Header-stories.f8a7662e.iframe.bundle.js generate SourceMap
<s> [webpack.Progress] 92% sealing asset processing RealContentHashPlugin stories-Header-stories.f8a7662e.iframe.bundle.js generated SourceMap
<s> [webpack.Progress] 92% sealing asset processing RealContentHashPlugin stories-Page-stories.e0fba911.iframe.bundle.js generate SourceMap
<s> [webpack.Progress] 92% sealing asset processing RealContentHashPlugin stories-Page-stories.e0fba911.iframe.bundle.js generated SourceMap
<s> [webpack.Progress] 92% sealing asset processing RealContentHashPlugin 216.ce8bc147.iframe.bundle.js generate SourceMap
<s> [webpack.Progress] 92% sealing asset processing RealContentHashPlugin 216.ce8bc147.iframe.bundle.js generated SourceMap
<s> [webpack.Progress] 92% sealing asset processing RealContentHashPlugin 774.461936ae.iframe.bundle.js generate SourceMap
<s> [webpack.Progress] 92% sealing asset processing RealContentHashPlugin 774.461936ae.iframe.bundle.js generated SourceMap
<s> [webpack.Progress] 92% sealing asset processing RealContentHashPlugin 657.56eeb576.iframe.bundle.js generate SourceMap
<s> [webpack.Progress] 92% sealing asset processing RealContentHashPlugin 657.56eeb576.iframe.bundle.js generated SourceMap
<s> [webpack.Progress] 92% sealing asset processing RealContentHashPlugin 117.001ba4b0.iframe.bundle.js generate SourceMap
<s> [webpack.Progress] 92% sealing asset processing RealContentHashPlugin 117.001ba4b0.iframe.bundle.js generated SourceMap
<s> [webpack.Progress] 92% sealing asset processing RealContentHashPlugin 568.2ab907d1.iframe.bundle.js generate SourceMap
<s> [webpack.Progress] 92% sealing asset processing RealContentHashPlugin 568.2ab907d1.iframe.bundle.js generated SourceMap
<s> [webpack.Progress] 92% sealing asset processing RealContentHashPlugin 419.e1a421fb8fb01a63ac8d.css generate SourceMap
<s> [webpack.Progress] 92% sealing asset processing RealContentHashPlugin 419.e1a421fb8fb01a63ac8d.css generated SourceMap
<s> [webpack.Progress] 92% sealing asset processing RealContentHashPlugin stories-Introduction-mdx.e145fe65.iframe.bundle.js generate SourceMap
<s> [webpack.Progress] 92% sealing asset processing RealContentHashPlugin stories-Introduction-mdx.e145fe65.iframe.bundle.js generated SourceMap
<s> [webpack.Progress] 92% sealing asset processing RealContentHashPlugin 287.187f5519.iframe.bundle.js generate SourceMap
<s> [webpack.Progress] 92% sealing asset processing RealContentHashPlugin 287.187f5519.iframe.bundle.js generated SourceMap
<s> [webpack.Progress] 92% sealing asset processing RealContentHashPlugin 238.92b40f5e.iframe.bundle.js generate SourceMap
<s> [webpack.Progress] 92% sealing asset processing RealContentHashPlugin 238.92b40f5e.iframe.bundle.js generated SourceMap
<s> [webpack.Progress] 92% sealing asset processing RealContentHashPlugin resolve sources
<s> [webpack.Progress] 92% sealing asset processing RealContentHashPlugin
<s> [webpack.Progress] 92% sealing asset processing angular-occurrences-plugin
<s> [webpack.Progress] 92% sealing asset processing AnyComponentStyleBudgetChecker
<s> [webpack.Progress] 92% sealing asset processing
<s> [webpack.Progress] 93% sealing after asset optimization
<s> [webpack.Progress] 93% sealing after asset optimization
<s> [webpack.Progress] 93% sealing recording
<s> [webpack.Progress] 93% sealing recording
<s> [webpack.Progress] 94% sealing after seal
<s> [webpack.Progress] 94% sealing after seal
<s> [webpack.Progress] 95% emitting emit
<s> [webpack.Progress] 95% emitting emit
<s> [webpack.Progress] 98% emitting after emit
<s> [webpack.Progress] 98% emitting after emit SizeLimitsPlugin
<s> [webpack.Progress] 98% emitting after emit
<s> [webpack.Progress] 99% done plugins
<s> [webpack.Progress] 99% done plugins CaseSensitivePathsPlugin
<s> [webpack.Progress] 99% done plugins
<s> [webpack.Progress] 99% 

<s> [webpack.Progress] 99% cache store build dependencies
<s> [webpack.Progress] 99% cache store build dependencies
<s> [webpack.Progress] 99% cache begin idle
<s> [webpack.Progress] 99% cache begin idle
<s> [webpack.Progress] 100% 

WARN /Users/smalone1/Documents/00_projects/Bench/react-to-this-story/react-to-this-story/components/taskbox/src/app/app.component.ts is part of the TypeScript compilation but it's unused.
WARN Add only entry points to the 'files' or 'include' properties in your tsconfig.
WARN /Users/smalone1/Documents/00_projects/Bench/react-to-this-story/react-to-this-story/components/taskbox/src/app/app.module.ts is part of the TypeScript compilation but it's unused.
WARN Add only entry points to the 'files' or 'include' properties in your tsconfig.
WARN /Users/smalone1/Documents/00_projects/Bench/react-to-this-story/react-to-this-story/components/taskbox/src/environments/environment.prod.ts is part of the TypeScript compilation but it's unused.
WARN Add only entry points to the 'files' or 'include' properties in your tsconfig.
WARN /Users/smalone1/Documents/00_projects/Bench/react-to-this-story/react-to-this-story/components/taskbox/src/environments/environment.ts is part of the TypeScript compilation but it's unused.
WARN Add only entry points to the 'files' or 'include' properties in your tsconfig.
WARN /Users/smalone1/Documents/00_projects/Bench/react-to-this-story/react-to-this-story/components/taskbox/src/main.ts is part of the TypeScript compilation but it's unused.
WARN Add only entry points to the 'files' or 'include' properties in your tsconfig.
WARN /Users/smalone1/Documents/00_projects/Bench/react-to-this-story/react-to-this-story/components/taskbox/src/polyfills.ts is part of the TypeScript compilation but it's unused.
WARN Add only entry points to the 'files' or 'include' properties in your tsconfig.
WARN asset size limit: The following asset(s) exceed the recommended size limit (244 KiB).
WARN This can impact web performance.
WARN Assets: 
WARN   103.cdca7f04.iframe.bundle.js (583 KiB)
WARN   171.7dfd35d9.iframe.bundle.js (812 KiB)
WARN   419.f6bf3b19.iframe.bundle.js (1.96 MiB)
WARN   437.17072b62.iframe.bundle.js (439 KiB)
WARN   238.92b40f5e.iframe.bundle.js (735 KiB)
WARN entrypoint size limit: The following entrypoint(s) combined asset size exceeds the recommended limit (244 KiB). This can impact web performance.
WARN Entrypoints:
WARN   main (2.2 MiB)
WARN       runtime~main.8e496f6c.iframe.bundle.js
WARN       419.e1a421fb8fb01a63ac8d.css
WARN       419.f6bf3b19.iframe.bundle.js
WARN       main.f7331ad09bf074845ac8.css
WARN       main.1e313a91.iframe.bundle.js
WARN 
<s> [webpack.Progress] 99% cache shutdown
<s> [webpack.Progress] 99% cache shutdown
<s> [webpack.Progress] 100% 

info => Preview built (1.02 min)
info => Output directory: /var/folders/bc/gy649sk16978mh1k_3npkvs00000gp/T/chromatic--73569-qjDuoKSG46dg
